<?xml version="1.0" encoding="UTF-8"?>
<robot generator="Robot 4.1.3 (Python 3.10.2 on win32)" generated="20220318 09:56:33.804" rpa="false" schemaversion="2">
<suite id="s1" name="Verify Membership Suite" source="E:\LTTS\robort\robot_framework\my_info_suite\verify_membership_suite.robot">
<test id="s1-t1" name="Verify Add Membership Test">
<kw name="Launch Browser and navigate to url" library="CommonFunctionality" type="SETUP">
<kw name="Open Browser" library="SeleniumLibrary">
<arg>browser=${BROWSER_NAME}</arg>
<arg>executable_path=${EXECDIR}${/}driver${/}chromedriver.exe</arg>
<doc>Opens a new browser instance to the optional ``url``.</doc>
<msg timestamp="20220318 09:57:11.913" level="INFO">Opening browser 'chrome' to base url 'None'.</msg>
<status status="PASS" starttime="20220318 09:57:11.912" endtime="20220318 09:57:40.789"/>
</kw>
<kw name="Maximize Browser Window" library="SeleniumLibrary">
<doc>Maximizes current browser window.</doc>
<status status="PASS" starttime="20220318 09:57:40.790" endtime="20220318 09:57:41.363"/>
</kw>
<kw name="Set Selenium Implicit Wait" library="SeleniumLibrary">
<arg>30s</arg>
<doc>Sets the implicit wait value used by Selenium.</doc>
<status status="PASS" starttime="20220318 09:57:41.364" endtime="20220318 09:57:41.385"/>
</kw>
<kw name="Go To" library="SeleniumLibrary">
<arg>url=${URL}</arg>
<doc>Navigates the current browser window to the provided ``url``.</doc>
<msg timestamp="20220318 09:57:41.386" level="INFO">Opening url 'https://opensource-demo.orangehrmlive.com/'</msg>
<status status="PASS" starttime="20220318 09:57:41.385" endtime="20220318 09:57:48.087"/>
</kw>
<status status="PASS" starttime="20220318 09:57:11.911" endtime="20220318 09:57:48.087"/>
</kw>
<kw name="Verify Add Membership Template">
<arg>${username}</arg>
<arg>admin123</arg>
<arg>${membership}</arg>
<arg>${subscription_paid_by}</arg>
<arg>${subscription_amount}</arg>
<arg>${currency}</arg>
<msg timestamp="20220318 09:57:48.091" level="FAIL">Variable '${username}' not found.</msg>
<status status="FAIL" starttime="20220318 09:57:48.088" endtime="20220318 09:57:48.091"/>
</kw>
<kw name="Close Browser" library="SeleniumLibrary" type="TEARDOWN">
<doc>Closes the current browser.</doc>
<status status="PASS" starttime="20220318 09:57:48.092" endtime="20220318 09:57:52.827"/>
</kw>
<status status="FAIL" starttime="20220318 09:57:11.905" endtime="20220318 09:57:52.828">Variable '${username}' not found.</status>
</test>
<test id="s1-t2" name="Verify Add Membership Test">
<kw name="Launch Browser and navigate to url" library="CommonFunctionality" type="SETUP">
<kw name="Open Browser" library="SeleniumLibrary">
<arg>browser=${BROWSER_NAME}</arg>
<arg>executable_path=${EXECDIR}${/}driver${/}chromedriver.exe</arg>
<doc>Opens a new browser instance to the optional ``url``.</doc>
<msg timestamp="20220318 09:57:52.837" level="INFO">Opening browser 'chrome' to base url 'None'.</msg>
<status status="PASS" starttime="20220318 09:57:52.836" endtime="20220318 09:57:58.147"/>
</kw>
<kw name="Maximize Browser Window" library="SeleniumLibrary">
<doc>Maximizes current browser window.</doc>
<status status="PASS" starttime="20220318 09:57:58.148" endtime="20220318 09:57:58.576"/>
</kw>
<kw name="Set Selenium Implicit Wait" library="SeleniumLibrary">
<arg>30s</arg>
<doc>Sets the implicit wait value used by Selenium.</doc>
<status status="PASS" starttime="20220318 09:57:58.576" endtime="20220318 09:57:58.578"/>
</kw>
<kw name="Go To" library="SeleniumLibrary">
<arg>url=${URL}</arg>
<doc>Navigates the current browser window to the provided ``url``.</doc>
<msg timestamp="20220318 09:57:58.580" level="INFO">Opening url 'https://opensource-demo.orangehrmlive.com/'</msg>
<status status="PASS" starttime="20220318 09:57:58.579" endtime="20220318 09:58:07.147"/>
</kw>
<status status="PASS" starttime="20220318 09:57:52.834" endtime="20220318 09:58:07.147"/>
</kw>
<kw name="Verify Add Membership Template">
<arg>${username}</arg>
<arg>admin123</arg>
<arg>${membership}</arg>
<arg>${subscription_paid_by}</arg>
<arg>${subscription_amount}</arg>
<arg>${currency}</arg>
<msg timestamp="20220318 09:58:07.149" level="FAIL">Variable '${username}' not found.</msg>
<status status="FAIL" starttime="20220318 09:58:07.147" endtime="20220318 09:58:07.149"/>
</kw>
<kw name="Close Browser" library="SeleniumLibrary" type="TEARDOWN">
<doc>Closes the current browser.</doc>
<status status="PASS" starttime="20220318 09:58:07.150" endtime="20220318 09:58:09.599"/>
</kw>
<status status="FAIL" starttime="20220318 09:57:52.830" endtime="20220318 09:58:09.601">Variable '${username}' not found.</status>
</test>
<status status="FAIL" starttime="20220318 09:56:33.840" endtime="20220318 09:58:09.604"/>
</suite>
<statistics>
<total>
<stat pass="0" fail="2" skip="0">All Tests</stat>
</total>
<tag>
</tag>
<suite>
<stat pass="0" fail="2" skip="0" id="s1" name="Verify Membership Suite">Verify Membership Suite</stat>
</suite>
</statistics>
<errors>
<msg timestamp="20220318 09:57:52.829" level="WARN">Multiple test cases with name 'Verify Add Membership Test' executed in test suite 'Verify Membership Suite'.</msg>
</errors>
</robot>
